<?xml version="1.0" encoding="UTF-8"?>
<testng-results ignored="0" total="2" passed="2" failed="0" skipped="0">
  <reporter-output>
  </reporter-output>
  <suite started-at="2022-10-03T13:17:52 IST" name="Default suite" finished-at="2022-10-03T13:18:03 IST" duration-ms="11377">
    <groups>
    </groups>
    <test started-at="2022-10-03T13:17:52 IST" name="Default test" finished-at="2022-10-03T13:18:03 IST" duration-ms="11377">
      <class name="com.tests.Authorization">
        <test-method signature="AddUser()[pri:0, instance:com.tests.Authorization@be35cd9]" started-at="2022-10-03T13:17:52 IST" name="AddUser" finished-at="2022-10-03T13:17:58 IST" duration-ms="5654" status="PASS">
          <reporter-output>
          </reporter-output>
        </test-method> <!-- AddUser -->
        <test-method signature="LoginInApplication()[pri:0, instance:com.tests.Authorization@be35cd9]" started-at="2022-10-03T13:17:58 IST" name="LoginInApplication" finished-at="2022-10-03T13:18:03 IST" duration-ms="5642" status="PASS">
          <reporter-output>
          </reporter-output>
        </test-method> <!-- LoginInApplication -->
      </class> <!-- com.tests.Authorization -->
    </test> <!-- Default test -->
  </suite> <!-- Default suite -->
</testng-results>
